<?xml version="1.0" encoding="utf-8" standalone="no"?>
<!--This file represents the results of running a test suite-->
<test-results name="F:\Developpement\Unity3D\SeriousGameToolbox\SeriousGameToolbox\SeriousGameToolbox.sln" total="80" errors="0" failures="0" not-run="0" inconclusive="0" ignored="0" skipped="0" invalid="0" date="2014-10-09" time="22:26:22">
  <environment nunit-version="2.6.3.13283" clr-version="2.0.50727.5485" os-version="Microsoft Windows NT 6.1.7601 Service Pack 1" platform="Win32NT" cwd="C:\Program Files (x86)\NUnit 2.6.3\bin" machine-name="SÉBASTIEN-PC" user="Sébastien" user-domain="Sébastien-PC" />
  <culture-info current-culture="fr-FR" current-uiculture="fr-FR" />
  <test-suite type="Project" name="F:\Developpement\Unity3D\SeriousGameToolbox\SeriousGameToolbox\SeriousGameToolbox.sln" executed="True" result="Success" success="True" time="1.163" asserts="0">
    <results>
      <test-suite type="Assembly" name="F:\Developpement\Unity3D\SeriousGameToolbox\SeriousGameToolbox\SeriousGameToolbox\bin\Debug\SeriousGameToolbox.dll" executed="True" result="Inconclusive" success="False" time="0.007" asserts="0" />
      <test-suite type="Assembly" name="F:\Developpement\Unity3D\SeriousGameToolbox\SeriousGameToolbox\SeriousGameToolbox.Tests\bin\Debug\SeriousGameToolbox.Tests.dll" executed="True" result="Success" success="True" time="1.108" asserts="0">
        <results>
          <test-suite type="TestFixture" name="Game_Tests" executed="True" result="Success" success="True" time="0.104" asserts="0">
            <categories>
              <category name="Controllers" />
            </categories>
            <results>
              <test-case name="SeriousGameToolbox.Tests.Controllers.Game_Tests.FakeGame_ChainsThreePhasesSuccessfully" executed="True" result="Success" success="True" time="0.071" asserts="3" />
              <test-case name="SeriousGameToolbox.Tests.Controllers.Game_Tests.Start_NoPhase_ThrowsApplicationException" executed="True" result="Success" success="True" time="0.008" asserts="0" />
            </results>
          </test-suite>
          <test-suite type="TestFixture" name="Phase_Tests" executed="True" result="Success" success="True" time="0.029" asserts="0">
            <categories>
              <category name="Controllers" />
              <category name="Phases" />
            </categories>
            <results>
              <test-case name="SeriousGameToolbox.Tests.Controllers.Phases.Phase_Tests.FakePhase_PhaseCompletedEventFired_AfterDelayReached" executed="True" result="Success" success="True" time="0.027" asserts="0">
                <reason>
                  <message><![CDATA[]]></message>
                </reason>
              </test-case>
            </results>
          </test-suite>
          <test-suite type="TestFixture" name="PhaseCompletedEventArgs_Tests" executed="True" result="Success" success="True" time="0.003" asserts="0">
            <categories>
              <category name="Phases" />
            </categories>
            <results>
              <test-case name="SeriousGameToolbox.Tests.Controllers.Phases.PhaseCompletedEventArgs_Tests.Constructor_NullPhase_ThrowsArgumentNullException" executed="True" result="Success" success="True" time="0.001" asserts="0" />
            </results>
          </test-suite>
          <test-suite type="TestFixture" name="Login_Tests" executed="True" result="Success" success="True" time="0.070" asserts="0">
            <categories>
              <category name="Logins" />
            </categories>
            <results>
              <test-case name="SeriousGameToolbox.Tests.Data.Logins.Login_Tests.Constructor_EmptyId_ThrowsArgumentException" executed="True" result="Success" success="True" time="0.002" asserts="0" />
              <test-case name="SeriousGameToolbox.Tests.Data.Logins.Login_Tests.Constructor_EmptyPassword_ThrowsArgumentException" executed="True" result="Success" success="True" time="0.001" asserts="0" />
              <test-case name="SeriousGameToolbox.Tests.Data.Logins.Login_Tests.Constructor_NullId_ThrowsArgumentNullException" executed="True" result="Success" success="True" time="0.002" asserts="0" />
              <test-case name="SeriousGameToolbox.Tests.Data.Logins.Login_Tests.Constructor_NullPassword_ThrowsArgumentNullException" executed="True" result="Success" success="True" time="0.001" asserts="0" />
              <test-case name="SeriousGameToolbox.Tests.Data.Logins.Login_Tests.Constructor_TrimsId" executed="True" result="Success" success="True" time="0.005" asserts="1" />
              <test-case name="SeriousGameToolbox.Tests.Data.Logins.Login_Tests.Constructor_TrimsPassword" executed="True" result="Success" success="True" time="0.001" asserts="1" />
              <test-case name="SeriousGameToolbox.Tests.Data.Logins.Login_Tests.Constructor_WhitespaceId_ThrowsArgumentException" executed="True" result="Success" success="True" time="0.001" asserts="0" />
              <test-case name="SeriousGameToolbox.Tests.Data.Logins.Login_Tests.Constructor_WhitespacePassword_ThrowsArgumentException" executed="True" result="Success" success="True" time="0.001" asserts="0" />
              <test-case name="SeriousGameToolbox.Tests.Data.Logins.Login_Tests.Equals_ReturnsCorrectEquality" executed="True" result="Success" success="True" time="0.005" asserts="2" />
              <test-case name="SeriousGameToolbox.Tests.Data.Logins.Login_Tests.GetHashCode_ReturnsConcatenationOfIdAndPassword" executed="True" result="Success" success="True" time="0.012" asserts="1" />
            </results>
          </test-suite>
          <test-suite type="TestFixture" name="LoginContainer_Tests" executed="True" result="Success" success="True" time="0.036" asserts="0">
            <categories>
              <category name="Logins" />
            </categories>
            <results>
              <test-case name="SeriousGameToolbox.Tests.Data.Logins.LoginContainer_Tests.DefaultConstructor_InitializeListOfLogins" executed="True" result="Success" success="True" time="0.022" asserts="1" />
              <test-case name="SeriousGameToolbox.Tests.Data.Logins.LoginContainer_Tests.EnumerableConstructor_AssignsArgumentToListOfLogins" executed="True" result="Success" success="True" time="0.003" asserts="1" />
              <test-case name="SeriousGameToolbox.Tests.Data.Logins.LoginContainer_Tests.EnumerableConstructor_NullArgument_ThrowsArgumentNullException" executed="True" result="Success" success="True" time="0.001" asserts="0" />
            </results>
          </test-suite>
          <test-suite type="TestFixture" name="BooleanParameter_Tests" executed="True" result="Success" success="True" time="0.020" asserts="0">
            <categories>
              <category name="Parameters" />
            </categories>
            <results>
              <test-case name="SeriousGameToolbox.Tests.Data.Parameters.BooleanParameter_Tests.Clones_Have_Same_Value" executed="True" result="Success" success="True" time="0.008" asserts="1" />
              <test-case name="SeriousGameToolbox.Tests.Data.Parameters.BooleanParameter_Tests.Constructor_NullId_ThrowsArgumentNullException" executed="True" result="Success" success="True" time="0.002" asserts="0" />
              <test-case name="SeriousGameToolbox.Tests.Data.Parameters.BooleanParameter_Tests.ImplicitOperator_ReturnsValue" executed="True" result="Success" success="True" time="0.002" asserts="0">
                <reason>
                  <message><![CDATA[]]></message>
                </reason>
              </test-case>
            </results>
          </test-suite>
          <test-suite type="TestFixture" name="FloatParameter_Tests" executed="True" result="Success" success="True" time="0.024" asserts="0">
            <categories>
              <category name="Parameters" />
            </categories>
            <results>
              <test-case name="SeriousGameToolbox.Tests.Data.Parameters.FloatParameter_Tests.Clones_Have_Same_Value" executed="True" result="Success" success="True" time="0.012" asserts="1" />
              <test-case name="SeriousGameToolbox.Tests.Data.Parameters.FloatParameter_Tests.Constructor_NullId_ThrowsArgumentNullException" executed="True" result="Success" success="True" time="0.001" asserts="0" />
              <test-case name="SeriousGameToolbox.Tests.Data.Parameters.FloatParameter_Tests.ImplicitOperator_ReturnsValue" executed="True" result="Success" success="True" time="0.003" asserts="0">
                <reason>
                  <message><![CDATA[]]></message>
                </reason>
              </test-case>
            </results>
          </test-suite>
          <test-suite type="TestFixture" name="FloatRangeParameter_Tests" executed="True" result="Success" success="True" time="0.018" asserts="0">
            <categories>
              <category name="Parameters" />
            </categories>
            <results>
              <test-case name="SeriousGameToolbox.Tests.Data.Parameters.FloatRangeParameter_Tests.Clones_Have_Same_Value" executed="True" result="Success" success="True" time="0.007" asserts="3" />
              <test-case name="SeriousGameToolbox.Tests.Data.Parameters.FloatRangeParameter_Tests.Constructor_NullId_ThrowsArgumentNullException" executed="True" result="Success" success="True" time="0.001" asserts="0" />
              <test-case name="SeriousGameToolbox.Tests.Data.Parameters.FloatRangeParameter_Tests.ImplicitOperator_ReturnsValue" executed="True" result="Success" success="True" time="0.002" asserts="0">
                <reason>
                  <message><![CDATA[]]></message>
                </reason>
              </test-case>
            </results>
          </test-suite>
          <test-suite type="TestFixture" name="IntegerParameter_Tests" executed="True" result="Success" success="True" time="0.014" asserts="0">
            <categories>
              <category name="Parameters" />
            </categories>
            <results>
              <test-case name="SeriousGameToolbox.Tests.Data.Parameters.IntegerParameter_Tests.Clones_Have_Same_Value" executed="True" result="Success" success="True" time="0.003" asserts="1" />
              <test-case name="SeriousGameToolbox.Tests.Data.Parameters.IntegerParameter_Tests.Constructor_NullId_ThrowsArgumentNullException" executed="True" result="Success" success="True" time="0.001" asserts="0" />
              <test-case name="SeriousGameToolbox.Tests.Data.Parameters.IntegerParameter_Tests.ImplicitOperator_ReturnsValue" executed="True" result="Success" success="True" time="0.002" asserts="0">
                <reason>
                  <message><![CDATA[]]></message>
                </reason>
              </test-case>
            </results>
          </test-suite>
          <test-suite type="TestFixture" name="IntRangeParameter_Tests" executed="True" result="Success" success="True" time="0.016" asserts="0">
            <categories>
              <category name="Parameters" />
            </categories>
            <results>
              <test-case name="SeriousGameToolbox.Tests.Data.Parameters.IntRangeParameter_Tests.Clones_Have_Same_Value" executed="True" result="Success" success="True" time="0.005" asserts="3" />
              <test-case name="SeriousGameToolbox.Tests.Data.Parameters.IntRangeParameter_Tests.Constructor_NullId_ThrowsArgumentNullException" executed="True" result="Success" success="True" time="0.001" asserts="0" />
              <test-case name="SeriousGameToolbox.Tests.Data.Parameters.IntRangeParameter_Tests.ImplicitOperator_ReturnsValue" executed="True" result="Success" success="True" time="0.003" asserts="0">
                <reason>
                  <message><![CDATA[]]></message>
                </reason>
              </test-case>
            </results>
          </test-suite>
          <test-suite type="TestFixture" name="ParameterCollection_Tests" executed="True" result="Success" success="True" time="0.043" asserts="0">
            <categories>
              <category name="Parameters" />
            </categories>
            <results>
              <test-case name="SeriousGameToolbox.Tests.Data.Parameters.ParameterCollection_Tests.CollectionConstructor_NullArgument_ThrowsArgumentException" executed="True" result="Success" success="True" time="0.004" asserts="0" />
              <test-case name="SeriousGameToolbox.Tests.Data.Parameters.ParameterCollection_Tests.EnumerableConstructor_DuplicatedId_ThrowsArgumentException" executed="True" result="Success" success="True" time="0.012" asserts="0" />
              <test-case name="SeriousGameToolbox.Tests.Data.Parameters.ParameterCollection_Tests.EnumerableConstructor_NullArgument_ThrowsArgumentException" executed="True" result="Success" success="True" time="0.002" asserts="0" />
              <test-case name="SeriousGameToolbox.Tests.Data.Parameters.ParameterCollection_Tests.Get_InvalidTypeParameter_ThrowsInvalidCastException" executed="True" result="Success" success="True" time="0.003" asserts="0" />
              <test-case name="SeriousGameToolbox.Tests.Data.Parameters.ParameterCollection_Tests.Get_NotFoundParameter_ThrowsArgumentException" executed="True" result="Success" success="True" time="0.003" asserts="0" />
            </results>
          </test-suite>
          <test-suite type="TestFixture" name="ParameterLoader_Tests" executed="True" result="Success" success="True" time="0.417" asserts="0">
            <categories>
              <category name="Parameters" />
            </categories>
            <results>
              <test-case name="SeriousGameToolbox.Tests.Data.Parameters.ParameterLoader_Tests.Constructor_EmptyUri_ThrowsArgumentException" executed="True" result="Success" success="True" time="0.003" asserts="0" />
              <test-case name="SeriousGameToolbox.Tests.Data.Parameters.ParameterLoader_Tests.Constructor_NullUri_ThrowsArgumentNullException" executed="True" result="Success" success="True" time="0.002" asserts="0" />
              <test-case name="SeriousGameToolbox.Tests.Data.Parameters.ParameterLoader_Tests.Equals_ReturnsCorrectValue" executed="True" result="Success" success="True" time="0.010" asserts="1" />
              <test-case name="SeriousGameToolbox.Tests.Data.Parameters.ParameterLoader_Tests.Load_CreatesValidCollection" executed="True" result="Success" success="True" time="0.164" asserts="2" />
              <test-case name="SeriousGameToolbox.Tests.Data.Parameters.ParameterLoader_Tests.Save_CreatesValidFile" executed="True" result="Success" success="True" time="0.196" asserts="2" />
              <test-case name="SeriousGameToolbox.Tests.Data.Parameters.ParameterLoader_Tests.Save_EachTypeOfParameter_CreatesValidFile" executed="True" result="Success" success="True" time="0.007" asserts="6" />
              <test-case name="SeriousGameToolbox.Tests.Data.Parameters.ParameterLoader_Tests.Save_UnknownParameterTypeAsked_ThrowsInvalidParameterTypeException" executed="True" result="Success" success="True" time="0.003" asserts="0" />
            </results>
          </test-suite>
          <test-suite type="TestFixture" name="StringParameter_Tests" executed="True" result="Success" success="True" time="0.020" asserts="0">
            <categories>
              <category name="Parameters" />
            </categories>
            <results>
              <test-case name="SeriousGameToolbox.Tests.Data.Parameters.StringParameter_Tests.Clones_Have_Same_Value" executed="True" result="Success" success="True" time="0.001" asserts="1" />
              <test-case name="SeriousGameToolbox.Tests.Data.Parameters.StringParameter_Tests.Constructor_NullId_ThrowsArgumentNullException" executed="True" result="Success" success="True" time="0.001" asserts="0" />
              <test-case name="SeriousGameToolbox.Tests.Data.Parameters.StringParameter_Tests.Constructor_NullValue_ThrowsArgumentNullException" executed="True" result="Success" success="True" time="0.002" asserts="0" />
              <test-case name="SeriousGameToolbox.Tests.Data.Parameters.StringParameter_Tests.ImplicitOperator_ReturnsValue" executed="True" result="Success" success="True" time="0.002" asserts="0">
                <reason>
                  <message><![CDATA[]]></message>
                </reason>
              </test-case>
            </results>
          </test-suite>
          <test-suite type="TestFixture" name="QuizAnsweredJournalEvent_Tests" executed="True" result="Success" success="True" time="0.022" asserts="0">
            <results>
              <test-case name="SeriousGameToolbox.Tests.Pedagogy.Sessions.Journal.QuizAnsweredJournalEvent_Tests.Constructor_NullAnswer_ThrowsArgumentNullException" executed="True" result="Success" success="True" time="0.003" asserts="0" />
              <test-case name="SeriousGameToolbox.Tests.Pedagogy.Sessions.Journal.QuizAnsweredJournalEvent_Tests.Constructor_NullExpected_ThrowsArgumentNullException" executed="True" result="Success" success="True" time="0.001" asserts="0" />
              <test-case name="SeriousGameToolbox.Tests.Pedagogy.Sessions.Journal.QuizAnsweredJournalEvent_Tests.Constructor_NullQuestion_ThrowsArgumentNullException" executed="True" result="Success" success="True" time="0.001" asserts="0" />
              <test-case name="SeriousGameToolbox.Tests.Pedagogy.Sessions.Journal.QuizAnsweredJournalEvent_Tests.Constructor_Sets_Properties" executed="True" result="Success" success="True" time="0.003" asserts="3" />
            </results>
          </test-suite>
          <test-suite type="TestFixture" name="JournalEvent_Tests" executed="True" result="Success" success="True" time="0.021" asserts="0">
            <categories>
              <category name="Session" />
            </categories>
            <results>
              <test-case name="SeriousGameToolbox.Tests.Pedagogy.Sessions.JournalEvent_Tests.DateConstructor_Sets_Date" executed="True" result="Success" success="True" time="0.002" asserts="1" />
              <test-case name="SeriousGameToolbox.Tests.Pedagogy.Sessions.JournalEvent_Tests.DateConstructor_Sets_Id" executed="True" result="Success" success="True" time="0.003" asserts="1" />
              <test-case name="SeriousGameToolbox.Tests.Pedagogy.Sessions.JournalEvent_Tests.DefaultConstructor_Sets_Date" executed="True" result="Success" success="True" time="0.001" asserts="1" />
              <test-case name="SeriousGameToolbox.Tests.Pedagogy.Sessions.JournalEvent_Tests.DefaultConstructor_Sets_Id" executed="True" result="Success" success="True" time="0.001" asserts="1" />
            </results>
          </test-suite>
          <test-suite type="TestFixture" name="Score_Tests" executed="True" result="Success" success="True" time="0.034" asserts="0">
            <categories>
              <category name="Session" />
            </categories>
            <results>
              <test-case name="SeriousGameToolbox.Tests.Pedagogy.Sessions.Score_Tests.Constructor_MinCannotBeGreaterThanMax" executed="True" result="Success" success="True" time="0.003" asserts="0" />
              <test-case name="SeriousGameToolbox.Tests.Pedagogy.Sessions.Score_Tests.Constructor_RawCannotBeGreaterThanMax" executed="True" result="Success" success="True" time="0.002" asserts="0" />
              <test-case name="SeriousGameToolbox.Tests.Pedagogy.Sessions.Score_Tests.Constructor_RawCannotBeLessThanMin" executed="True" result="Success" success="True" time="0.001" asserts="0" />
              <test-case name="SeriousGameToolbox.Tests.Pedagogy.Sessions.Score_Tests.ToPercent_ReturnsValidValue" executed="True" result="Success" success="True" time="0.003" asserts="1" />
              <test-case name="SeriousGameToolbox.Tests.Pedagogy.Sessions.Score_Tests.ToPercentFloat_ReturnsValidValue" executed="True" result="Success" success="True" time="0.001" asserts="1" />
              <test-case name="SeriousGameToolbox.Tests.Pedagogy.Sessions.Score_Tests.ToPercentInteger_ReturnsValidValue" executed="True" result="Success" success="True" time="0.001" asserts="1" />
            </results>
          </test-suite>
          <test-suite type="TestFixture" name="Session_Tests" executed="True" result="Success" success="True" time="0.035" asserts="0">
            <categories>
              <category name="Session" />
            </categories>
            <results>
              <test-case name="SeriousGameToolbox.Tests.Pedagogy.Sessions.Session_Tests.Default_Completion_Is_Unknown" executed="True" result="Success" success="True" time="0.003" asserts="1" />
              <test-case name="SeriousGameToolbox.Tests.Pedagogy.Sessions.Session_Tests.Default_Success_Is_Unknown" executed="True" result="Success" success="True" time="0.001" asserts="1" />
              <test-case name="SeriousGameToolbox.Tests.Pedagogy.Sessions.Session_Tests.DefaultConstructor_AssignsDefaultTrainee" executed="True" result="Success" success="True" time="0.001" asserts="1" />
              <test-case name="SeriousGameToolbox.Tests.Pedagogy.Sessions.Session_Tests.DefaultConstructor_AssignsId" executed="True" result="Success" success="True" time="0.001" asserts="1" />
              <test-case name="SeriousGameToolbox.Tests.Pedagogy.Sessions.Session_Tests.OverloadedConstructor_AssignsId" executed="True" result="Success" success="True" time="0.001" asserts="1" />
              <test-case name="SeriousGameToolbox.Tests.Pedagogy.Sessions.Session_Tests.Start_Sets_Date" executed="True" result="Success" success="True" time="0.002" asserts="1" />
              <test-case name="SeriousGameToolbox.Tests.Pedagogy.Sessions.Session_Tests.TraineeConstructor_NullArgument_ThrowsArgumentNullException" executed="True" result="Success" success="True" time="0.001" asserts="0" />
            </results>
          </test-suite>
          <test-suite type="TestFixture" name="SessionJournal_Tests" executed="True" result="Success" success="True" time="0.025" asserts="0">
            <results>
              <test-case name="SeriousGameToolbox.Tests.Pedagogy.Sessions.SessionJournal_Tests.AddEntries_DuplicateEntry_ThrowsArgumentException" executed="True" result="Success" success="True" time="0.007" asserts="0" />
              <test-case name="SeriousGameToolbox.Tests.Pedagogy.Sessions.SessionJournal_Tests.AddEntries_NullEntry_ThrowsArgumentNullException" executed="True" result="Success" success="True" time="0.001" asserts="0" />
              <test-case name="SeriousGameToolbox.Tests.Pedagogy.Sessions.SessionJournal_Tests.AddEntries_SetsEntriesInListProperly" executed="True" result="Success" success="True" time="0.002" asserts="2" />
              <test-case name="SeriousGameToolbox.Tests.Pedagogy.Sessions.SessionJournal_Tests.Constructor_Creates_Entries" executed="True" result="Success" success="True" time="0.001" asserts="1" />
            </results>
          </test-suite>
          <test-suite type="TestFixture" name="SessionWithJournal_Tests" executed="True" result="Success" success="True" time="0.010" asserts="0">
            <categories>
              <category name="Session" />
            </categories>
            <results>
              <test-case name="SeriousGameToolbox.Tests.Pedagogy.Sessions.SessionWithJournal_Tests.Constructor_NullJournal_ThrowsArgumentNullException" executed="True" result="Success" success="True" time="0.002" asserts="0" />
              <test-case name="SeriousGameToolbox.Tests.Pedagogy.Sessions.SessionWithJournal_Tests.Constructor_ValidJournal_AssignJournalToProperty" executed="True" result="Success" success="True" time="0.002" asserts="1" />
            </results>
          </test-suite>
          <test-suite type="TestFixture" name="Trainee_Tests" executed="True" result="Success" success="True" time="0.024" asserts="0">
            <results>
              <test-case name="SeriousGameToolbox.Tests.Pedagogy.Trainee_Tests.Constructor_AssignsNonEmptyId" executed="True" result="Success" success="True" time="0.001" asserts="1" />
              <test-case name="SeriousGameToolbox.Tests.Pedagogy.Trainee_Tests.DefaultTraine_ReturnsCorrectValue" executed="True" result="Success" success="True" time="0.001" asserts="1" />
              <test-case name="SeriousGameToolbox.Tests.Pedagogy.Trainee_Tests.Equals_ReturnsCorrectValue" executed="True" result="Success" success="True" time="0.001" asserts="1" />
              <test-case name="SeriousGameToolbox.Tests.Pedagogy.Trainee_Tests.NameSetter_ThrowsArgumentNullException" executed="True" result="Success" success="True" time="0.002" asserts="0" />
              <test-case name="SeriousGameToolbox.Tests.Pedagogy.Trainee_Tests.NameSetter_TrimsInput" executed="True" result="Success" success="True" time="0.001" asserts="1" />
            </results>
          </test-suite>
        </results>
      </test-suite>
    </results>
  </test-suite>
</test-results>